<?xml version="1.0" encoding="UTF-8"?><testrun name="testRunner" project="TrusTraceCucumber" tests="1" started="1" failures="1" errors="0" ignored="0">
  <testsuite name="testRunner.testRunner" time="6.593">
    <testsuite name="TrusTrace QA coding assesment." time="6.593">
      <testcase name="Check the API in Post method" classname="TrusTrace QA coding assesment." time="6.593">
        <failure>java.lang.AssertionError: expected:&lt;200&gt; but was:&lt;201&gt;&#13;
	at org.junit.Assert.fail(Assert.java:89)&#13;
	at org.junit.Assert.failNotEquals(Assert.java:835)&#13;
	at org.junit.Assert.assertEquals(Assert.java:647)&#13;
	at org.junit.Assert.assertEquals(Assert.java:633)&#13;
	at StepDefinition.TrusTraceTestcaseSteps.response_code(TrusTraceTestcaseSteps.java:103)&#13;
	at âœ½.check the status code 200(file:///G:/TrusTrace/TrusTraceCucumber/src/test/resources/Features/TrusTraceTestcases.feature:23)&#13;
&#13;
</failure>
      </testcase>
    </testsuite>
  </testsuite>
</testrun>
