<?xml version="1.0" encoding="UTF-8"?><testrun name="testRunner" project="TrusTraceCucumber" tests="3" started="3" failures="1" errors="0" ignored="0">
  <testsuite name="testRunner.testRunner" time="7.153">
    <testsuite name="TrusTrace QA coding assesment." time="7.153">
      <testcase name="Check the API in Post method #1" classname="TrusTrace QA coding assesment." time="3.345">
        <failure>java.lang.AssertionError: expected:&lt;200&gt; but was:&lt;201&gt;&#13;
	at org.junit.Assert.fail(Assert.java:89)&#13;
	at org.junit.Assert.failNotEquals(Assert.java:835)&#13;
	at org.junit.Assert.assertEquals(Assert.java:647)&#13;
	at org.junit.Assert.assertEquals(Assert.java:633)&#13;
	at StepDefinition.TrusTraceTestcaseSteps.response_code(TrusTraceTestcaseSteps.java:103)&#13;
	at âœ½.check the status code 200(file:///G:/TrusTrace/TrusTraceCucumber/src/test/resources/Features/TrusTraceTestcases.feature:23)&#13;
&#13;
</failure>
      </testcase>
      <testcase name="Check the API in Post method #2" classname="TrusTrace QA coding assesment." time="2.191"/>
      <testcase name="Check the API in Post method #3" classname="TrusTrace QA coding assesment." time="1.616"/>
    </testsuite>
  </testsuite>
</testrun>
